[debug] [2025-04-13T15:36:09.810Z] ----------------------------------------------------------------------
[debug] [2025-04-13T15:36:09.813Z] Command:       C:\Program Files\nodejs\node.exe C:\Users\thoma\AppData\Roaming\npm\node_modules\firebase-tools\lib\bin\firebase.js init
[debug] [2025-04-13T15:36:09.813Z] CLI Version:   13.15.2
[debug] [2025-04-13T15:36:09.814Z] Platform:      win32
[debug] [2025-04-13T15:36:09.814Z] Node Version:  v22.14.0
[debug] [2025-04-13T15:36:09.814Z] Time:          Sun Apr 13 2025 17:36:09 GMT+0200 (Mitteleuropäische Sommerzeit)
[debug] [2025-04-13T15:36:09.814Z] ----------------------------------------------------------------------
[debug] 
[debug] [2025-04-13T15:36:09.817Z] >>> [apiv2][query] GET https://firebase-public.firebaseio.com/cli.json [none]
[debug] [2025-04-13T15:36:09.862Z] > command requires scopes: ["email","openid","https://www.googleapis.com/auth/cloudplatformprojects.readonly","https://www.googleapis.com/auth/firebase","https://www.googleapis.com/auth/cloud-platform"]
[debug] [2025-04-13T15:36:09.863Z] > authorizing via signed-in user (thomasjilge1991@googlemail.com)
[info] 
     ######## #### ########  ######## ########     ###     ######  ########
     ##        ##  ##     ## ##       ##     ##  ##   ##  ##       ##
     ######    ##  ########  ######   ########  #########  ######  ######
     ##        ##  ##    ##  ##       ##     ## ##     ##       ## ##
     ##       #### ##     ## ######## ########  ##     ##  ######  ########

You're about to initialize a Firebase project in this directory:

  C:\Users\thoma\Desktop\Modul 17\crm\crm\crm

[debug] [2025-04-13T15:36:10.403Z] <<< [apiv2][status] GET https://firebase-public.firebaseio.com/cli.json 200
[debug] [2025-04-13T15:36:10.403Z] <<< [apiv2][body] GET https://firebase-public.firebaseio.com/cli.json {"cloudBuildErrorAfter":1594252800000,"cloudBuildWarnAfter":1590019200000,"defaultNode10After":1594252800000,"minVersion":"3.0.5","node8DeploysDisabledAfter":1613390400000,"node8RuntimeDisabledAfter":1615809600000,"node8WarnAfter":1600128000000}
[info] 
=== Project Setup
[info] 
[info] First, let's associate this project directory with a Firebase project.
[info] You can create multiple project aliases by running firebase use --add, 
[info] but for now we'll just set up a default project.
[info] 
[debug] [2025-04-13T15:36:58.196Z] > refreshing access token with scopes: []
[debug] [2025-04-13T15:36:58.197Z] >>> [apiv2][query] POST https://www.googleapis.com/oauth2/v3/token [none]
[debug] [2025-04-13T15:36:58.197Z] >>> [apiv2][body] POST https://www.googleapis.com/oauth2/v3/token [omitted]
[debug] [2025-04-13T15:36:58.297Z] <<< [apiv2][status] POST https://www.googleapis.com/oauth2/v3/token 200
[debug] [2025-04-13T15:36:58.297Z] <<< [apiv2][body] POST https://www.googleapis.com/oauth2/v3/token [omitted]
[debug] [2025-04-13T15:36:58.306Z] >>> [apiv2][query] GET https://firebase.googleapis.com/v1beta1/projects pageSize=100
[debug] [2025-04-13T15:36:58.730Z] <<< [apiv2][status] GET https://firebase.googleapis.com/v1beta1/projects 200
[debug] [2025-04-13T15:36:58.730Z] <<< [apiv2][body] GET https://firebase.googleapis.com/v1beta1/projects [omitted]
[debug] [2025-04-13T15:38:46.617Z] ----------------------------------------------------------------------
[debug] [2025-04-13T15:38:46.620Z] Command:       C:\Program Files\nodejs\node.exe C:\Users\thoma\AppData\Roaming\npm\node_modules\firebase-tools\lib\bin\firebase.js init
[debug] [2025-04-13T15:38:46.621Z] CLI Version:   13.15.2
[debug] [2025-04-13T15:38:46.621Z] Platform:      win32
[debug] [2025-04-13T15:38:46.621Z] Node Version:  v22.14.0
[debug] [2025-04-13T15:38:46.621Z] Time:          Sun Apr 13 2025 17:38:46 GMT+0200 (Mitteleuropäische Sommerzeit)
[debug] [2025-04-13T15:38:46.621Z] ----------------------------------------------------------------------
[debug] 
[debug] [2025-04-13T15:38:46.628Z] > command requires scopes: ["email","openid","https://www.googleapis.com/auth/cloudplatformprojects.readonly","https://www.googleapis.com/auth/firebase","https://www.googleapis.com/auth/cloud-platform"]
[debug] [2025-04-13T15:38:46.628Z] > authorizing via signed-in user (thomasjilge1991@googlemail.com)
[info] 
     ######## #### ########  ######## ########     ###     ######  ########
     ##        ##  ##     ## ##       ##     ##  ##   ##  ##       ##
     ######    ##  ########  ######   ########  #########  ######  ######
     ##        ##  ##    ##  ##       ##     ## ##     ##       ## ##
     ##       #### ##     ## ######## ########  ##     ##  ######  ########

You're about to initialize a Firebase project in this directory:

  C:\Users\thoma\Desktop\Modul 17\crm\crm\crm

[info] 
=== Project Setup
[info] 
[info] First, let's associate this project directory with a Firebase project.
[info] You can create multiple project aliases by running firebase use --add, 
[info] but for now we'll just set up a default project.
[info] 
[info] 
=== Firestore Setup
[info] 
[info] Firestore Security Rules allow you to define how and when to allow
[info] requests. You can keep these rules in your project directory
[info] and publish them with firebase deploy.
[info] 
[info] 
[info] Firestore indexes allow you to perform complex queries while
[info] maintaining performance that scales with the size of the result
[info] set. You can keep index definitions in your project directory
[info] and publish them with firebase deploy.
[info] 
[debug] [2025-04-13T15:39:40.572Z] ----------------------------------------------------------------------
[debug] [2025-04-13T15:39:40.575Z] Command:       C:\Program Files\nodejs\node.exe C:\Users\thoma\AppData\Roaming\npm\node_modules\firebase-tools\lib\bin\firebase.js init
[debug] [2025-04-13T15:39:40.576Z] CLI Version:   13.15.2
[debug] [2025-04-13T15:39:40.576Z] Platform:      win32
[debug] [2025-04-13T15:39:40.576Z] Node Version:  v22.14.0
[debug] [2025-04-13T15:39:40.576Z] Time:          Sun Apr 13 2025 17:39:40 GMT+0200 (Mitteleuropäische Sommerzeit)
[debug] [2025-04-13T15:39:40.576Z] ----------------------------------------------------------------------
[debug] 
[debug] [2025-04-13T15:39:40.583Z] > command requires scopes: ["email","openid","https://www.googleapis.com/auth/cloudplatformprojects.readonly","https://www.googleapis.com/auth/firebase","https://www.googleapis.com/auth/cloud-platform"]
[debug] [2025-04-13T15:39:40.584Z] > authorizing via signed-in user (thomasjilge1991@googlemail.com)
[info] 
     ######## #### ########  ######## ########     ###     ######  ########
     ##        ##  ##     ## ##       ##     ##  ##   ##  ##       ##
     ######    ##  ########  ######   ########  #########  ######  ######
     ##        ##  ##    ##  ##       ##     ## ##     ##       ## ##
     ##       #### ##     ## ######## ########  ##     ##  ######  ########

You're about to initialize a Firebase project in this directory:

  C:\Users\thoma\Desktop\Modul 17\crm\crm\crm

[info] 
=== Project Setup
[info] 
[info] First, let's associate this project directory with a Firebase project.
[info] You can create multiple project aliases by running firebase use --add, 
[info] but for now we'll just set up a default project.
[info] 
[info] i  If you want to create a project in a Google Cloud organization or folder, please use "firebase projects:create" instead, and return to this command when you've created the project. 
[debug] [2025-04-13T15:40:11.895Z] >>> [apiv2][query] POST https://cloudresourcemanager.googleapis.com/v1/projects [none]
[debug] [2025-04-13T15:40:11.895Z] >>> [apiv2][body] POST https://cloudresourcemanager.googleapis.com/v1/projects {"projectId":"crmDA","name":"crmDA"}
[debug] [2025-04-13T15:40:12.145Z] <<< [apiv2][status] POST https://cloudresourcemanager.googleapis.com/v1/projects 400
[debug] [2025-04-13T15:40:12.145Z] <<< [apiv2][body] POST https://cloudresourcemanager.googleapis.com/v1/projects {"error":{"code":400,"message":"Request contains an invalid argument.","status":"INVALID_ARGUMENT","details":[{"@type":"type.googleapis.com/google.rpc.BadRequest","fieldViolations":[{"field":"project_id","description":"project_id must be at least 6 characters long"},{"field":"project_id","description":"project_id contains invalid characters"}]},{"@type":"type.googleapis.com/google.rpc.Help","links":[{"url":"https://cloud.google.com/resource-manager/reference/rest/v1/projects"}]}]}}
[debug] [2025-04-13T15:40:12.227Z] FirebaseError: HTTP Error: 400, Request contains an invalid argument.
    at responseToError (C:\Users\thoma\AppData\Roaming\npm\node_modules\firebase-tools\lib\responseToError.js:49:12)
    at RetryOperation._fn (C:\Users\thoma\AppData\Roaming\npm\node_modules\firebase-tools\lib\apiv2.js:305:77)
    at process.processTicksAndRejections (node:internal/process/task_queues:105:5)
[error] 
[error] Error: Failed to create project. See firebase-debug.log for more info.
